[2020-10-27 11:09:22.6161] [INFO] Инициализация успешно пройдена
[2020-10-27 11:09:22.7248] [INFO] Инициализация контроллера авторизации выполнена успешно
[2020-10-27 11:11:53.5089] [INFO] Инициализация успешно пройдена
[2020-10-27 11:11:53.5758] [INFO] Инициализация контроллера авторизации выполнена успешно
[2020-10-27 11:11:53.5877] [INFO] Запущена авторизация пользоавтеля
[2020-10-27 11:11:54.7904] [INFO] Авторизация успешно пройдена
[2020-10-27 11:11:54.8082] [INFO] Программа успешно запущена
[2020-10-27 11:12:06.0472] [INFO] Инициализация успешно пройдена
[2020-10-27 11:12:06.0991] [INFO] Инициализация контроллера авторизации выполнена успешно
[2020-10-27 11:12:06.0991] [INFO] Запущена авторизация пользоавтеля
[2020-10-27 11:12:06.9378] [INFO] Авторизация успешно пройдена
[2020-10-27 11:12:06.9568] [INFO] Программа успешно запущена
[2020-10-27 11:12:58.7441] [INFO] Инициализация успешно пройдена
[2020-10-27 11:12:58.8059] [INFO] Инициализация контроллера авторизации выполнена успешно
[2020-10-27 11:12:58.8249] [INFO] Запущена авторизация пользоавтеля
[2020-10-27 11:12:59.8282] [INFO] Авторизация успешно пройдена
[2020-10-27 11:12:59.8541] [INFO] Программа успешно запущена
[2020-10-27 11:16:56.5025] [INFO] Инициализация успешно пройдена
[2020-10-27 11:16:56.5504] [INFO] Инициализация контроллера авторизации выполнена успешно
[2020-10-27 11:16:56.5667] [INFO] Запущена авторизация пользоавтеля
[2020-10-27 11:16:57.6488] [INFO] Авторизация успешно пройдена
[2020-10-27 11:16:57.6777] [INFO] Программа успешно запущена
