[2020-10-02 14:46:21.8318] [INFO] Инициализация успешна
[2020-10-02 14:46:21.9306] [INFO] Инициализация котроллера взаимодействия с Tekla успешна
[2020-10-02 14:46:21.9694] [INFO] Проверка количества процессов прошла успешно
[2020-10-02 14:46:22.8501] [INFO] Получение пользователей успешно
[2020-10-02 14:46:22.8501] [INFO] Выгрузка пользователей успешна
[2020-10-02 14:46:22.8501] [INFO] Запущена авторизация пользователя
[2020-10-02 14:46:22.8667] [INFO] Авторизация прошла успешно
[2020-10-02 14:46:22.8667] [INFO] Успешная остановка слушания процессов Tekla 2018
[2020-10-02 14:46:22.8815] [INFO] Успешная остановка слушания процессов Tekla 21.1
[2020-10-02 14:46:22.9237] [INFO] Слушание процессов Tekla 2018 начато
[2020-10-02 14:46:22.9297] [INFO] Слушание процессов Tekla 21.1 начато
[2020-10-02 14:46:22.9297] [INFO] Программа успешно запущена
[2020-10-02 14:46:38.5772] [INFO] Инициализация успешна
[2020-10-02 14:46:38.6240] [INFO] Инициализация котроллера взаимодействия с Tekla успешна
[2020-10-02 14:46:38.6529] [INFO] Проверка количества процессов прошла успешно
[2020-10-02 14:46:39.6696] [INFO] Получение пользователей успешно
[2020-10-02 14:46:39.6818] [INFO] Выгрузка пользователей успешна
[2020-10-02 14:46:39.6818] [INFO] Запущена авторизация пользователя
[2020-10-02 14:46:39.6818] [INFO] Авторизация прошла успешно
[2020-10-02 14:46:39.6978] [INFO] Успешная остановка слушания процессов Tekla 2018
[2020-10-02 14:46:39.6978] [INFO] Успешная остановка слушания процессов Tekla 21.1
[2020-10-02 14:46:39.7227] [INFO] Слушание процессов Tekla 2018 начато
[2020-10-02 14:46:39.7277] [INFO] Слушание процессов Tekla 21.1 начато
[2020-10-02 14:46:39.7277] [INFO] Программа успешно запущена
[2020-10-02 14:46:45.0557] [INFO] Tekla_Interaction развернута из трея
[2020-10-02 14:46:48.6537] [INFO] Tekla_Interaction свернута в трей
[2020-10-02 14:46:52.7949] [INFO] Tekla_Interaction развернута из трея
[2020-10-02 14:46:55.8464] [INFO] Tekla_Interaction свернута в трей
[2020-10-02 14:46:59.1981] [INFO] Выполенен перезапуск взаимодействия с Tekla 21.1
[2020-10-02 14:46:59.3068] [INFO] Выполенен перезапуск взаимодействия с Tekla 2018
[2020-10-02 14:47:01.7152] [INFO] Tekla_Interaction развернута из трея
[2020-10-02 14:47:03.1279] [INFO] Tekla_Interaction свернута в трей
