[2020-09-06 00:55:40.4282] [INFO] Инициализация успешна
[2020-09-06 00:55:40.4841] [INFO] Инициализация котроллера взаимодействия с Tekla успешна
[2020-09-06 00:55:40.5150] [INFO] Проверка количества процессов прошла успешно
[2020-09-06 00:55:55.8760] [ERROR] Exception while connecting
[2020-09-06 00:55:58.9517] [INFO] Tekla_Interaction развернута из трея
[2020-09-06 01:29:33.4000] [INFO] Инициализация успешна
[2020-09-06 01:29:33.4598] [INFO] Инициализация котроллера взаимодействия с Tekla успешна
[2020-09-06 01:29:33.4927] [INFO] Проверка количества процессов прошла успешно
[2020-09-06 01:29:48.8369] [ERROR] Exception while connecting
[2020-09-06 01:34:14.2194] [INFO] Инициализация успешна
[2020-09-06 01:34:14.2654] [INFO] Инициализация котроллера взаимодействия с Tekla успешна
[2020-09-06 01:34:14.3212] [INFO] Проверка количества процессов прошла успешно
[2020-09-06 01:34:29.6905] [ERROR] Exception while connecting
[2020-09-06 01:34:33.9276] [INFO] Tekla_Interaction развернута из трея
[2020-09-06 01:34:47.5055] [INFO] Запущена авторизация пользователя
[2020-09-06 01:34:47.5584] [INFO] Получение пользователей успешно
[2020-09-06 01:34:47.5704] [INFO] Выгрузка пользователей успешна
[2020-09-06 01:34:47.5864] [ERROR] Пользователь не найден
[2020-09-06 01:34:52.2516] [INFO] Запущена авторизация пользователя
[2020-09-06 01:34:52.2576] [INFO] Авторизация прошла успешно
[2020-09-06 01:34:52.2726] [INFO] Успешная остановка слушания процессов Tekla 2018
[2020-09-06 01:34:52.2726] [INFO] Успешная остановка слушания процессов Tekla 21.1
[2020-09-06 01:34:52.2726] [INFO] Слушание процессов Tekla 2018 начато
[2020-09-06 01:34:52.2905] [INFO] Слушание процессов Tekla 21.1 начато
[2020-09-06 01:34:52.2905] [INFO] Настройки успешно сохранены
[2020-09-06 01:34:59.4164] [INFO] Tekla_Interaction свернута в трей
[2020-09-06 01:35:24.9149] [ERROR] Ошибка запуска программы
[2020-09-06 01:36:18.8480] [INFO] Инициализация успешна
[2020-09-06 01:36:18.9029] [INFO] Инициализация котроллера взаимодействия с Tekla успешна
[2020-09-06 01:36:18.9637] [INFO] Проверка количества процессов прошла успешно
[2020-09-06 01:36:19.6918] [INFO] Получение пользователей успешно
[2020-09-06 01:36:19.6978] [INFO] Выгрузка пользователей успешна
[2020-09-06 01:36:19.6978] [INFO] Запущена авторизация пользователя
[2020-09-06 01:36:19.7097] [INFO] Авторизация прошла успешно
[2020-09-06 01:36:19.7097] [INFO] Успешная остановка слушания процессов Tekla 2018
[2020-09-06 01:36:19.7257] [INFO] Успешная остановка слушания процессов Tekla 21.1
[2020-09-06 01:36:19.7686] [INFO] Слушание процессов Tekla 2018 начато
[2020-09-06 01:36:19.7746] [INFO] Слушание процессов Tekla 21.1 начато
[2020-09-06 01:36:19.7746] [INFO] Программа успешно запущена
[2020-09-06 01:36:25.3445] [INFO] Tekla_Interaction развернута из трея
[2020-09-06 01:36:27.4744] [ERROR] Ошибка запуска программы
[2020-09-06 01:38:07.0775] [INFO] Инициализация успешна
[2020-09-06 01:38:07.1224] [INFO] Инициализация котроллера взаимодействия с Tekla успешна
[2020-09-06 01:38:07.1583] [INFO] Проверка количества процессов прошла успешно
[2020-09-06 01:38:07.8978] [INFO] Получение пользователей успешно
[2020-09-06 01:38:07.8978] [INFO] Выгрузка пользователей успешна
[2020-09-06 01:38:07.8978] [INFO] Запущена авторизация пользователя
[2020-09-06 01:38:07.9178] [INFO] Авторизация прошла успешно
[2020-09-06 01:38:07.9178] [INFO] Успешная остановка слушания процессов Tekla 2018
[2020-09-06 01:38:07.9367] [INFO] Успешная остановка слушания процессов Tekla 21.1
[2020-09-06 01:38:08.0075] [INFO] Слушание процессов Tekla 2018 начато
[2020-09-06 01:38:08.0075] [INFO] Слушание процессов Tekla 21.1 начато
[2020-09-06 01:38:08.0245] [INFO] Программа успешно запущена
[2020-09-06 01:38:10.6050] [ERROR] Ошибка запуска программы
[2020-09-06 01:40:11.3621] [INFO] Инициализация успешна
[2020-09-06 01:40:11.4120] [INFO] Инициализация котроллера взаимодействия с Tekla успешна
[2020-09-06 01:40:11.4479] [INFO] Проверка количества процессов прошла успешно
[2020-09-06 01:40:12.1779] [INFO] Получение пользователей успешно
[2020-09-06 01:40:12.1779] [INFO] Выгрузка пользователей успешна
[2020-09-06 01:40:12.1779] [INFO] Запущена авторизация пользователя
[2020-09-06 01:40:12.1959] [INFO] Авторизация прошла успешно
[2020-09-06 01:40:12.1959] [INFO] Успешная остановка слушания процессов Tekla 2018
[2020-09-06 01:40:12.2109] [INFO] Успешная остановка слушания процессов Tekla 21.1
[2020-09-06 01:40:12.2459] [INFO] Слушание процессов Tekla 2018 начато
[2020-09-06 01:40:12.2459] [INFO] Слушание процессов Tekla 21.1 начато
[2020-09-06 01:40:12.2568] [INFO] Программа успешно запущена
[2020-09-06 01:40:17.2824] [INFO] Основная копия Tekla 21.1 открыта
[2020-09-06 01:40:21.4949] [INFO] Tekla_Interaction развернута из трея
[2020-09-06 01:40:27.5745] [ERROR] System.Exception: Не удается найти указанный файл ---> System.ComponentModel.Win32Exception: Не удается найти указанный файл
   в System.Diagnostics.Process.StartWithShellExecuteEx(ProcessStartInfo startInfo)
   в System.Diagnostics.Process.Start(ProcessStartInfo startInfo)
   в SZMK.TeklaInteraction.Services.Checked21_1.Reset() в C:\Users\thedr\Desktop\SZMK-Software-Package\SZMK.TeklaInteraction\Services\Checked21_1.cs:строка 136
   --- Конец трассировки внутреннего стека исключений ---
   в SZMK.TeklaInteraction.Services.Checked21_1.Reset() в C:\Users\thedr\Desktop\SZMK-Software-Package\SZMK.TeklaInteraction\Services\Checked21_1.cs:строка 141
   в SZMK.TeklaInteraction.Services.Checked21_1.Checked() в C:\Users\thedr\Desktop\SZMK-Software-Package\SZMK.TeklaInteraction\Services\Checked21_1.cs:строка 41
[2020-09-06 01:40:27.7611] [INFO] Tekla_Interaction свернута в трей
[2020-09-06 01:40:33.6255] [INFO] Tekla_Interaction развернута из трея
[2020-09-06 01:41:41.6580] [INFO] Инициализация успешна
[2020-09-06 01:41:41.7088] [INFO] Инициализация котроллера взаимодействия с Tekla успешна
[2020-09-06 01:41:41.7717] [INFO] Проверка количества процессов прошла успешно
[2020-09-06 01:41:42.6822] [INFO] Получение пользователей успешно
[2020-09-06 01:41:42.6822] [INFO] Выгрузка пользователей успешна
[2020-09-06 01:41:42.6822] [INFO] Запущена авторизация пользователя
[2020-09-06 01:41:42.7002] [INFO] Авторизация прошла успешно
[2020-09-06 01:41:42.7002] [INFO] Успешная остановка слушания процессов Tekla 2018
[2020-09-06 01:41:42.7152] [INFO] Успешная остановка слушания процессов Tekla 21.1
[2020-09-06 01:41:42.7588] [INFO] Слушание процессов Tekla 2018 начато
[2020-09-06 01:41:42.7588] [INFO] Слушание процессов Tekla 21.1 начато
[2020-09-06 01:41:42.7588] [INFO] Программа успешно запущена
[2020-09-06 01:41:45.9799] [INFO] Tekla_Interaction развернута из трея
[2020-09-06 01:41:48.7446] [INFO] Выполенен перезапуск взаимодействия с Tekla 21.1
[2020-09-06 01:41:48.8483] [INFO] Выполенен перезапуск взаимодействия с Tekla 2018
[2020-09-06 01:41:50.5753] [INFO] Tekla_Interaction свернута в трей
[2020-09-06 01:42:06.5200] [INFO] Tekla_Interaction закрыта
[2020-09-06 01:42:06.5340] [INFO] Успешная остановка слушания процессов Tekla 2018
[2020-09-06 01:42:06.5499] [INFO] Успешная остановка слушания процессов Tekla 21.1
[2020-09-06 01:43:21.8954] [INFO] Инициализация успешна
[2020-09-06 01:43:21.9453] [INFO] Инициализация котроллера взаимодействия с Tekla успешна
[2020-09-06 01:43:21.9812] [INFO] Проверка количества процессов прошла успешно
[2020-09-06 01:43:22.7851] [INFO] Получение пользователей успешно
[2020-09-06 01:43:22.7980] [INFO] Выгрузка пользователей успешна
[2020-09-06 01:43:22.8040] [INFO] Запущена авторизация пользователя
[2020-09-06 01:43:22.8040] [INFO] Авторизация прошла успешно
[2020-09-06 01:43:22.8200] [INFO] Успешная остановка слушания процессов Tekla 2018
[2020-09-06 01:43:22.8200] [INFO] Успешная остановка слушания процессов Tekla 21.1
[2020-09-06 01:43:22.8778] [INFO] Слушание процессов Tekla 2018 начато
[2020-09-06 01:43:22.8868] [INFO] Слушание процессов Tekla 21.1 начато
[2020-09-06 01:43:22.8868] [INFO] Программа успешно запущена
[2020-09-06 01:46:04.8005] [INFO] Инициализация успешна
[2020-09-06 01:46:04.8464] [INFO] Инициализация котроллера взаимодействия с Tekla успешна
[2020-09-06 01:46:04.8813] [INFO] Проверка количества процессов прошла успешно
[2020-09-06 01:46:05.7868] [INFO] Получение пользователей успешно
[2020-09-06 01:46:05.7928] [INFO] Выгрузка пользователей успешна
[2020-09-06 01:46:05.7928] [INFO] Запущена авторизация пользователя
[2020-09-06 01:46:05.8048] [INFO] Авторизация прошла успешно
[2020-09-06 01:46:05.8048] [INFO] Успешная остановка слушания процессов Tekla 2018
[2020-09-06 01:46:05.8218] [INFO] Успешная остановка слушания процессов Tekla 21.1
[2020-09-06 01:46:05.8644] [INFO] Слушание процессов Tekla 2018 начато
[2020-09-06 01:46:05.8704] [INFO] Слушание процессов Tekla 21.1 начато
[2020-09-06 01:46:05.8704] [INFO] Программа успешно запущена
[2020-09-06 01:46:13.5079] [INFO] Tekla_Interaction развернута из трея
[2020-09-06 01:46:14.5637] [INFO] Tekla_Interaction свернута в трей
[2020-09-06 01:46:17.6173] [INFO] Tekla_Interaction закрыта
[2020-09-06 01:46:17.6173] [INFO] Успешная остановка слушания процессов Tekla 2018
[2020-09-06 01:46:17.6313] [INFO] Успешная остановка слушания процессов Tekla 21.1
