[2020-10-30 11:12:51.4942] [INFO] Инициализация успешно пройдена
[2020-10-30 11:12:51.5291] [INFO] Инициализация контроллера авторизации успешна
[2020-10-30 11:12:51.5411] [INFO] Начата авторизация пользователя
[2020-10-30 11:12:52.1071] [INFO] Authorization was successful
[2020-10-30 11:12:52.1071] [INFO] Программа успешно запущена
[2020-10-30 11:17:29.0609] [INFO] Клиент подключился
[2020-10-30 11:17:29.1230] [INFO] Модель подключена
[2020-10-30 11:17:29.1462] [INFO] Чертежи успешно получены
[2020-10-30 11:17:30.9727] [INFO] Чертежи добавлены
[2020-10-30 11:17:55.4919] [INFO] Клиент подключился
[2020-10-30 11:17:55.5135] [INFO] Модель подключена
[2020-10-30 11:17:55.5204] [INFO] Чертежи успешно получены
[2020-10-30 11:17:55.5859] [INFO] Чертежи добавлены
[2020-10-30 11:17:55.5977] [INFO] Начат показ чертежей
[2020-10-30 11:17:55.6136] [INFO] Дерево успешно собрано
[2020-10-30 11:25:23.9685] [INFO] Начата проверка чертежей
[2020-10-30 11:25:24.0473] [INFO] Проверка чертежей успешна
[2020-10-30 11:25:24.0533] [INFO] Начато добавление чертежей
[2020-10-30 11:25:24.1060] [INFO] Добавление чертежей успешно
[2020-10-30 11:25:32.0184] [INFO] Инициализация успешно пройдена
[2020-10-30 11:25:32.0534] [INFO] Инициализация контроллера авторизации успешна
[2020-10-30 11:25:32.0534] [INFO] Начата авторизация пользователя
[2020-10-30 11:25:32.5800] [INFO] Authorization was successful
[2020-10-30 11:25:32.5850] [INFO] Программа успешно запущена
[2020-10-30 11:40:57.8422] [INFO] Инициализация успешно пройдена
[2020-10-30 11:40:57.8831] [INFO] Инициализация контроллера авторизации успешна
[2020-10-30 11:40:57.8971] [INFO] Начата авторизация пользователя
[2020-10-30 11:40:58.4785] [INFO] Authorization was successful
[2020-10-30 11:40:58.4785] [INFO] Программа успешно запущена
[2020-10-30 11:44:08.6340] [INFO] Инициализация успешно пройдена
[2020-10-30 11:44:08.6689] [INFO] Инициализация контроллера авторизации успешна
[2020-10-30 11:44:08.6806] [INFO] Начата авторизация пользователя
[2020-10-30 11:44:09.1974] [INFO] Authorization was successful
[2020-10-30 11:44:09.1974] [INFO] Программа успешно запущена
