[2020-08-29 13:37:34.3010] [INFO] Инициализация успешно пройдена
[2020-08-29 13:37:34.3468] [INFO] Запуск лаунчера
[2020-08-29 13:37:34.3867] [INFO] Начало проверки обновления лаунчера
[2020-08-29 13:37:34.3867] [INFO] Начато удаление логов
[2020-08-29 13:37:34.4017] [INFO] Попытка подключения к серверу обновления
[2020-08-29 13:37:34.4017] [INFO] Удалено 1 из 2
[2020-08-29 13:37:34.4017] [INFO] Удалено 2 из 2
[2020-08-29 13:37:34.4196] [INFO] Удаление логов завершено успешно
[2020-08-29 13:37:34.4196] [INFO] Начато удаление старого обновления
[2020-08-29 13:37:34.4366] [INFO] Удаление старого обновления завершено успешно
[2020-08-29 13:37:37.8668] [INFO] Попытка получения версии и имени основной программы
[2020-08-29 13:37:37.9235] [INFO] Версия и имя основный программы успешно получены
[2020-08-29 13:37:37.9235] [INFO] Начало проверки обновления основного приложения
[2020-08-29 13:37:37.9331] [INFO] Попытка подключения к серверу обновления
[2020-08-29 13:37:38.9534] [INFO] Запуск основного приложения
[2020-08-29 13:37:39.0523] [INFO] Запуск выполнен успешно, закрытие лаунчера
[2020-08-29 13:39:42.7990] [INFO] Инициализация успешно пройдена
[2020-08-29 13:39:42.8299] [INFO] Запуск лаунчера
[2020-08-29 13:39:42.8628] [INFO] Начало проверки обновления лаунчера
[2020-08-29 13:39:42.8698] [INFO] Начато удаление логов
[2020-08-29 13:39:42.8698] [INFO] Попытка подключения к серверу обновления
[2020-08-29 13:39:42.8698] [INFO] Удалено 1 из 2
[2020-08-29 13:39:42.8888] [INFO] Удалено 2 из 2
[2020-08-29 13:39:42.8888] [INFO] Удаление логов завершено успешно
[2020-08-29 13:39:42.9027] [INFO] Начато удаление старого обновления
[2020-08-29 13:39:42.9027] [INFO] Удаление старого обновления завершено успешно
[2020-08-29 13:39:44.7674] [INFO] Попытка получения версии и имени основной программы
[2020-08-29 13:39:44.7744] [INFO] Версия и имя основный программы успешно получены
[2020-08-29 13:39:44.7744] [INFO] Начало проверки обновления основного приложения
[2020-08-29 13:39:44.7744] [INFO] Попытка подключения к серверу обновления
[2020-08-29 13:39:45.8055] [INFO] Запуск основного приложения
[2020-08-29 13:39:45.8482] [INFO] Запуск выполнен успешно, закрытие лаунчера
[2020-08-29 13:40:48.8348] [INFO] Инициализация успешно пройдена
[2020-08-29 13:40:48.8667] [INFO] Запуск лаунчера
[2020-08-29 13:40:48.9016] [INFO] Начало проверки обновления лаунчера
[2020-08-29 13:40:48.9016] [INFO] Начато удаление логов
[2020-08-29 13:40:48.9146] [INFO] Попытка подключения к серверу обновления
[2020-08-29 13:40:48.9146] [INFO] Удалено 1 из 2
[2020-08-29 13:40:48.9146] [INFO] Удалено 2 из 2
[2020-08-29 13:40:48.9146] [INFO] Удаление логов завершено успешно
[2020-08-29 13:40:48.9325] [INFO] Начато удаление старого обновления
[2020-08-29 13:40:48.9325] [INFO] Удаление старого обновления завершено успешно
[2020-08-29 13:40:50.6465] [INFO] Попытка получения версии и имени основной программы
[2020-08-29 13:40:50.6554] [INFO] Версия и имя основный программы успешно получены
[2020-08-29 13:40:50.6554] [INFO] Начало проверки обновления основного приложения
[2020-08-29 13:40:50.6664] [INFO] Попытка подключения к серверу обновления
[2020-08-29 13:40:51.6910] [INFO] Запуск основного приложения
[2020-08-29 13:40:51.7793] [INFO] Запуск выполнен успешно, закрытие лаунчера
[2020-08-29 13:44:36.1227] [INFO] Инициализация успешно пройдена
[2020-08-29 13:44:36.1606] [INFO] Запуск лаунчера
[2020-08-29 13:44:36.2194] [INFO] Начато удаление логов
[2020-08-29 13:44:36.2194] [INFO] Удалено 1 из 2
[2020-08-29 13:44:36.2334] [INFO] Удалено 2 из 2
[2020-08-29 13:44:36.2334] [INFO] Удаление логов завершено успешно
[2020-08-29 13:44:36.2433] [INFO] Начато удаление старого обновления
[2020-08-29 13:44:36.2433] [INFO] Удаление старого обновления завершено успешно
[2020-08-29 13:44:36.2433] [INFO] Начало проверки обновления лаунчера
[2020-08-29 13:44:36.2633] [INFO] Попытка подключения к серверу обновления
[2020-08-29 13:44:38.5104] [INFO] Попытка получения версии и имени основной программы
[2020-08-29 13:44:38.5104] [INFO] Версия и имя основный программы успешно получены
[2020-08-29 13:44:38.5104] [INFO] Начало проверки обновления основного приложения
[2020-08-29 13:44:38.5269] [INFO] Попытка подключения к серверу обновления
[2020-08-29 13:44:39.5381] [INFO] Запуск основного приложения
[2020-08-29 13:44:39.5798] [INFO] Запуск выполнен успешно, закрытие лаунчера
[2020-08-29 13:45:50.3610] [INFO] Инициализация успешно пройдена
[2020-08-29 13:45:50.3939] [INFO] Запуск лаунчера
[2020-08-29 13:45:50.4266] [INFO] Начато удаление логов
[2020-08-29 13:45:50.4341] [INFO] Удалено 1 из 2
[2020-08-29 13:45:50.4341] [INFO] Удалено 2 из 2
[2020-08-29 13:45:50.4505] [INFO] Удаление логов завершено успешно
[2020-08-29 13:45:50.4505] [INFO] Начато удаление старого обновления
[2020-08-29 13:45:50.4645] [INFO] Удаление старого обновления завершено успешно
[2020-08-29 13:45:50.4645] [INFO] Начало проверки обновления лаунчера
[2020-08-29 13:45:50.4767] [INFO] Попытка подключения к серверу обновления
[2020-08-29 13:45:52.8711] [INFO] Попытка получения версии и имени основной программы
[2020-08-29 13:46:10.2648] [INFO] Версия и имя основный программы успешно получены
[2020-08-29 13:46:10.2648] [INFO] Начало проверки обновления основного приложения
[2020-08-29 13:46:10.2752] [INFO] Попытка подключения к серверу обновления
[2020-08-29 13:46:11.2972] [INFO] Запуск основного приложения
[2020-08-29 13:46:11.3438] [INFO] Запуск выполнен успешно, закрытие лаунчера
[2020-08-29 15:23:40.7961] [INFO] Инициализация успешно пройдена
[2020-08-29 15:23:40.8470] [INFO] Запуск лаунчера
[2020-08-29 15:23:40.8939] [INFO] Начато удаление логов
[2020-08-29 15:23:40.9103] [INFO] Удалено 1 из 2
[2020-08-29 15:23:40.9193] [INFO] Удалено 2 из 2
[2020-08-29 15:23:40.9193] [INFO] Удаление логов завершено успешно
[2020-08-29 15:23:40.9333] [INFO] Начато удаление старого обновления
[2020-08-29 15:23:40.9333] [INFO] Удаление старого обновления завершено успешно
[2020-08-29 15:23:40.9482] [INFO] Начало проверки обновления лаунчера
[2020-08-29 15:23:40.9482] [INFO] Попытка подключения к серверу обновления
[2020-08-29 15:23:42.8435] [INFO] Попытка получения версии и имени основной программы
[2020-08-29 15:23:42.8555] [INFO] Версия и имя основный программы успешно получены
[2020-08-29 15:23:42.8555] [INFO] Начало проверки обновления основного приложения
[2020-08-29 15:23:42.8694] [INFO] Попытка подключения к серверу обновления
[2020-08-29 15:23:43.8815] [INFO] Запуск основного приложения
[2020-08-29 15:23:43.9802] [INFO] Запуск выполнен успешно, закрытие лаунчера
