[2020-09-06 00:08:11.8746] [INFO] Инициализация успешно пройдена
[2020-09-06 00:08:11.9045] [INFO] Запуск лаунчера
[2020-09-06 00:08:11.9514] [INFO] Попытка получения версии SZMK.LauncherUpdater
[2020-09-06 00:08:11.9634] [INFO] Версия SZMK.LauncherUpdater успешно получены
[2020-09-06 00:08:11.9634] [INFO] Начало проверки обновления основного приложения
[2020-09-06 00:08:11.9773] [INFO] Попытка подключения к серверу обновления
[2020-09-06 00:08:11.9773] [INFO] Подключение к серверу обновления успешно
[2020-09-06 00:08:11.9943] [INFO] Отправка параметров
[2020-09-06 00:08:11.9943] [INFO] Отправка параметров
[2020-09-06 00:08:12.0063] [INFO] Отправка параметров
[2020-09-06 00:08:12.0063] [INFO] Получение необходимости обновления
[2020-09-06 00:08:12.0063] [INFO] Начато удаление логов
[2020-09-06 00:08:12.0286] [INFO] Удалено 1 из 3
[2020-09-06 00:08:12.0286] [INFO] Удалено 2 из 3
[2020-09-06 00:08:12.0406] [INFO] Удалено 3 из 3
[2020-09-06 00:08:12.0406] [INFO] Удаление логов завершено успешно
[2020-09-06 00:08:12.0546] [INFO] Начато удаление старого обновления
[2020-09-06 00:08:12.0546] [INFO] Удаление старого обновления завершено успешно
[2020-09-06 00:08:12.0706] [INFO] Начало проверки обновления лаунчера
[2020-09-06 00:08:12.0706] [INFO] Попытка подключения к серверу обновления
[2020-09-06 00:08:12.0875] [INFO] Подключение к серверу обновления успешно
[2020-09-06 00:08:12.0875] [INFO] Отправка параметров
[2020-09-06 00:08:12.1035] [INFO] Отправка параметров
[2020-09-06 00:08:12.1035] [INFO] Отправка параметров
[2020-09-06 00:08:12.1164] [INFO] Получение необходимости обновления
[2020-09-06 00:08:12.1164] [INFO] Попытка получения версии и имени основной программы
[2020-09-06 00:08:12.1324] [INFO] Версия и имя основный программы успешно получены
[2020-09-06 00:08:12.1324] [INFO] Начало проверки обновления основного приложения
[2020-09-06 00:08:12.1324] [INFO] Попытка подключения к серверу обновления
[2020-09-06 00:08:12.1483] [INFO] Подключение к серверу обновления успешно
[2020-09-06 00:08:12.1483] [INFO] Отправка параметров
[2020-09-06 00:08:12.1483] [INFO] Отправка параметров
[2020-09-06 00:08:12.1623] [INFO] Отправка параметров
[2020-09-06 00:08:12.1623] [INFO] Получение необходимости обновления
[2020-09-06 00:08:12.1623] [INFO] Поиск процессов лаунчера
[2020-09-06 00:08:12.1852] [INFO] Не найден дополнительный процесс основной программы
[2020-09-06 00:08:12.1852] [INFO] Начало получения обновления основной программы
[2020-09-06 00:08:12.1982] [INFO] Отправка параметров обновления
[2020-09-06 00:08:12.1982] [INFO] Отправка параметров прошла успешна
[2020-09-06 00:08:12.2112] [INFO] Получение файла информации обновления
[2020-09-06 00:10:16.9554] [INFO] Инициализация успешно пройдена
[2020-09-06 00:10:16.9913] [INFO] Запуск лаунчера
[2020-09-06 00:10:17.0462] [INFO] Попытка получения версии SZMK.LauncherUpdater
[2020-09-06 00:10:17.0552] [INFO] Версия SZMK.LauncherUpdater успешно получены
[2020-09-06 00:10:17.0552] [INFO] Начало проверки обновления основного приложения
[2020-09-06 00:10:17.0552] [INFO] Попытка подключения к серверу обновления
[2020-09-06 00:10:17.1000] [INFO] Подключение к серверу обновления успешно
[2020-09-06 00:10:17.1000] [INFO] Отправка параметров
[2020-09-06 00:10:17.1000] [INFO] Отправка параметров
[2020-09-06 00:10:17.1170] [INFO] Отправка параметров
[2020-09-06 00:10:17.1170] [INFO] Получение необходимости обновления
[2020-09-06 00:10:17.1170] [INFO] Начато удаление логов
[2020-09-06 00:10:17.1330] [INFO] Удалено 1 из 3
[2020-09-06 00:10:17.1330] [INFO] Удалено 2 из 3
[2020-09-06 00:10:17.1330] [INFO] Удалено 3 из 3
[2020-09-06 00:10:17.1479] [INFO] Удаление логов завершено успешно
[2020-09-06 00:10:17.1479] [INFO] Начато удаление старого обновления
[2020-09-06 00:10:17.1479] [INFO] Удаление старого обновления завершено успешно
[2020-09-06 00:10:17.1649] [INFO] Начало проверки обновления лаунчера
[2020-09-06 00:10:17.1649] [INFO] Попытка подключения к серверу обновления
[2020-09-06 00:10:17.1878] [INFO] Подключение к серверу обновления успешно
[2020-09-06 00:10:17.1958] [INFO] Отправка параметров
[2020-09-06 00:10:17.1958] [INFO] Отправка параметров
[2020-09-06 00:10:17.2098] [INFO] Отправка параметров
[2020-09-06 00:10:17.2098] [INFO] Получение необходимости обновления
[2020-09-06 00:10:17.2257] [INFO] Попытка получения версии и имени основной программы
[2020-09-06 00:10:17.2257] [INFO] Версия и имя основный программы успешно получены
[2020-09-06 00:10:17.2407] [INFO] Начало проверки обновления основного приложения
[2020-09-06 00:10:17.2407] [INFO] Попытка подключения к серверу обновления
[2020-09-06 00:10:17.2407] [INFO] Подключение к серверу обновления успешно
[2020-09-06 00:10:17.2606] [INFO] Отправка параметров
[2020-09-06 00:10:17.2606] [INFO] Отправка параметров
[2020-09-06 00:10:17.2606] [INFO] Отправка параметров
[2020-09-06 00:10:17.2736] [INFO] Получение необходимости обновления
[2020-09-06 00:10:17.2736] [INFO] Запуск основного приложения
[2020-09-06 00:10:17.3903] [INFO] Запуск выполнен успешно, закрытие лаунчера
[2020-09-06 00:14:08.1886] [INFO] Инициализация успешно пройдена
[2020-09-06 00:14:08.2205] [INFO] Запуск лаунчера
[2020-09-06 00:14:08.2405] [INFO] Начато удаление логов
[2020-09-06 00:14:08.2405] [INFO] Удалено 1 из 3
[2020-09-06 00:14:08.2405] [INFO] Удалено 2 из 3
[2020-09-06 00:14:08.2594] [INFO] Удалено 3 из 3
[2020-09-06 00:14:08.2594] [INFO] Удаление логов завершено успешно
[2020-09-06 00:14:08.2594] [INFO] Начато удаление старого обновления
[2020-09-06 00:14:08.2744] [INFO] Удаление старого обновления завершено успешно
[2020-09-06 00:14:08.2744] [INFO] Начало проверки обновления лаунчера
[2020-09-06 00:14:08.2744] [INFO] Попытка подключения к серверу обновления
[2020-09-06 00:14:08.2933] [INFO] Подключение к серверу обновления успешно
[2020-09-06 00:14:08.2933] [INFO] Отправка параметров
[2020-09-06 00:14:08.3033] [INFO] Отправка параметров
[2020-09-06 00:14:08.3033] [INFO] Отправка параметров
[2020-09-06 00:14:08.3033] [INFO] Получение необходимости обновления
[2020-09-06 00:14:08.3033] [INFO] Попытка получения версии и имени основной программы
[2020-09-06 00:14:08.3222] [INFO] Версия и имя основный программы успешно получены
[2020-09-06 00:14:08.3222] [INFO] Начало проверки обновления основного приложения
[2020-09-06 00:14:08.3222] [INFO] Попытка подключения к серверу обновления
[2020-09-06 00:14:08.3372] [INFO] Подключение к серверу обновления успешно
[2020-09-06 00:14:08.3372] [INFO] Отправка параметров
[2020-09-06 00:14:08.3372] [INFO] Отправка параметров
[2020-09-06 00:14:08.3502] [INFO] Отправка параметров
[2020-09-06 00:14:08.3502] [INFO] Получение необходимости обновления
[2020-09-06 00:14:08.3502] [INFO] Запуск основного приложения
[2020-09-06 00:14:08.4000] [INFO] Запуск выполнен успешно, закрытие лаунчера
[2020-09-06 00:24:41.6079] [INFO] Инициализация успешно пройдена
[2020-09-06 00:24:41.6458] [INFO] Запуск лаунчера
[2020-09-06 00:24:41.6827] [INFO] Попытка получения версии SZMK.LauncherUpdater
[2020-09-06 00:24:41.6827] [INFO] Версия SZMK.LauncherUpdater успешно получены
[2020-09-06 00:24:41.6987] [INFO] Начало проверки обновления основного приложения
[2020-09-06 00:24:41.6987] [INFO] Попытка подключения к серверу обновления
[2020-09-06 00:24:42.7369] [INFO] Начато удаление логов
[2020-09-06 00:24:42.7439] [INFO] Удалено 1 из 3
[2020-09-06 00:24:42.7439] [INFO] Удалено 2 из 3
[2020-09-06 00:24:42.7439] [INFO] Удалено 3 из 3
[2020-09-06 00:24:42.7599] [INFO] Удаление логов завершено успешно
[2020-09-06 00:24:42.7599] [INFO] Начато удаление старого обновления
[2020-09-06 00:24:42.7599] [INFO] Удаление старого обновления завершено успешно
[2020-09-06 00:24:42.7758] [INFO] Начало проверки обновления лаунчера
[2020-09-06 00:24:42.7758] [INFO] Попытка подключения к серверу обновления
[2020-09-06 00:42:30.2711] [INFO] Инициализация успешно пройдена
[2020-09-06 00:42:30.3061] [INFO] Запуск лаунчера
[2020-09-06 00:42:30.3449] [INFO] Попытка получения версии SZMK.LauncherUpdater
[2020-09-06 00:42:30.3619] [INFO] Версия SZMK.LauncherUpdater успешно получены
[2020-09-06 00:42:30.3669] [INFO] Начало проверки обновления основного приложения
[2020-09-06 00:42:30.3669] [INFO] Попытка подключения к серверу обновления
[2020-09-06 00:42:31.4064] [INFO] Начато удаление логов
[2020-09-06 00:42:31.4134] [INFO] Удалено 1 из 3
[2020-09-06 00:42:31.4134] [INFO] Удалено 2 из 3
[2020-09-06 00:42:31.4134] [INFO] Удалено 3 из 3
[2020-09-06 00:42:31.4134] [INFO] Удаление логов завершено успешно
[2020-09-06 00:42:31.4323] [INFO] Начато удаление старого обновления
[2020-09-06 00:42:31.4323] [INFO] Удаление старого обновления завершено успешно
[2020-09-06 00:42:31.4323] [INFO] Начало проверки обновления лаунчера
[2020-09-06 00:42:31.4483] [INFO] Попытка подключения к серверу обновления
[2020-09-06 00:45:52.1230] [INFO] Инициализация успешно пройдена
[2020-09-06 00:45:52.1570] [INFO] Запуск лаунчера
[2020-09-06 00:45:52.2028] [INFO] Попытка получения версии SZMK.LauncherUpdater
[2020-09-06 00:45:52.2178] [INFO] Версия SZMK.LauncherUpdater успешно получены
[2020-09-06 00:45:52.2258] [INFO] Начало проверки обновления основного приложения
[2020-09-06 00:45:52.2258] [INFO] Попытка подключения к серверу обновления
[2020-09-06 00:45:53.2638] [INFO] Начато удаление логов
[2020-09-06 00:45:53.2638] [INFO] Удалено 1 из 3
[2020-09-06 00:45:53.2747] [INFO] Удалено 2 из 3
[2020-09-06 00:45:53.2747] [INFO] Удалено 3 из 3
[2020-09-06 00:45:53.2747] [INFO] Удаление логов завершено успешно
[2020-09-06 00:45:53.2877] [INFO] Начато удаление старого обновления
[2020-09-06 00:45:53.2877] [INFO] Удаление старого обновления завершено успешно
[2020-09-06 00:45:53.2877] [INFO] Начало проверки обновления лаунчера
[2020-09-06 00:45:53.3037] [INFO] Попытка подключения к серверу обновления
