[2020-09-15 10:53:24.8500] [INFO] Инициализация успешно пройдена
[2020-09-15 10:53:24.8809] [INFO] Запуск лаунчера
[2020-09-15 10:53:24.9338] [INFO] Попытка получения версии SZMK.LauncherUpdater
[2020-09-15 10:53:24.9896] [INFO] Версия SZMK.LauncherUpdater успешно получены
[2020-09-15 10:53:24.9896] [INFO] Начало проверки обновления основного приложения
[2020-09-15 10:53:25.0046] [INFO] Попытка подключения к серверу обновления
[2020-09-15 10:53:26.0389] [INFO] Начато удаление логов
[2020-09-15 10:53:26.0389] [INFO] Удалено 1 из 5
[2020-09-15 10:53:26.0389] [INFO] Удалено 2 из 5
[2020-09-15 10:53:26.0548] [INFO] Удалено 3 из 5
[2020-09-15 10:53:26.0548] [INFO] Удалено 4 из 5
[2020-09-15 10:53:26.0548] [INFO] Удалено 5 из 5
[2020-09-15 10:53:26.0688] [INFO] Удаление логов завершено успешно
[2020-09-15 10:53:26.0688] [INFO] Начато удаление старого обновления
[2020-09-15 10:53:26.0688] [INFO] Удаление старого обновления завершено успешно
[2020-09-15 10:53:26.0857] [INFO] Начало проверки обновления лаунчера
[2020-09-15 10:53:26.0857] [INFO] Попытка подключения к серверу обновления
[2020-09-15 10:53:37.7454] [INFO] Инициализация успешно пройдена
[2020-09-15 10:53:37.7863] [INFO] Запуск лаунчера
[2020-09-15 10:53:37.8222] [INFO] Попытка получения версии SZMK.LauncherUpdater
[2020-09-15 10:53:37.8222] [INFO] Версия SZMK.LauncherUpdater успешно получены
[2020-09-15 10:53:37.8381] [INFO] Начало проверки обновления основного приложения
[2020-09-15 10:53:37.8381] [INFO] Попытка подключения к серверу обновления
[2020-09-15 10:53:38.8782] [INFO] Начато удаление логов
[2020-09-15 10:53:38.8832] [INFO] Удалено 1 из 5
[2020-09-15 10:53:38.8832] [INFO] Удалено 2 из 5
[2020-09-15 10:53:38.8832] [INFO] Удалено 3 из 5
[2020-09-15 10:53:38.8992] [INFO] Удалено 4 из 5
[2020-09-15 10:53:38.8992] [INFO] Удалено 5 из 5
[2020-09-15 10:53:38.8992] [INFO] Удаление логов завершено успешно
[2020-09-15 10:53:38.9141] [INFO] Начато удаление старого обновления
[2020-09-15 10:53:38.9141] [INFO] Удаление старого обновления завершено успешно
[2020-09-15 10:53:38.9141] [INFO] Начало проверки обновления лаунчера
[2020-09-15 10:53:38.9321] [INFO] Попытка подключения к серверу обновления
