[2020-10-08 11:17:38.9391] [INFO] Инициализация успешно пройдена
[2020-10-08 11:17:38.9840] [INFO] Запуск лаунчера
[2020-10-08 11:17:39.0318] [INFO] Попытка получения версии SZMK.LauncherUpdater
[2020-10-08 11:17:39.0408] [INFO] Версия SZMK.LauncherUpdater успешно получены
[2020-10-08 11:17:39.0558] [INFO] Начало проверки обновления основного приложения
[2020-10-08 11:17:39.0707] [INFO] Попытка подключения к серверу обновления
[2020-10-08 11:17:39.0857] [INFO] Подключение к серверу обновления успешно
[2020-10-08 11:17:39.0857] [INFO] Отправка параметров
[2020-10-08 11:17:39.1007] [INFO] Отправка параметров
[2020-10-08 11:17:39.1007] [INFO] Отправка параметров
[2020-10-08 11:17:39.1186] [INFO] Получение необходимости обновления
[2020-10-08 11:17:39.1186] [INFO] Поиск процессов SZMK.LauncherUpdater
[2020-10-08 11:17:39.1386] [INFO] Не найден дополнительный процесс SZMK.LauncherUpdater
[2020-10-08 11:17:39.1386] [INFO] Начало получения обновления SZMK.LauncherUpdater
[2020-10-08 11:17:39.1535] [INFO] Отправка параметров обновления
[2020-10-08 11:17:39.1535] [INFO] Отправка параметров прошла успешна
[2020-10-08 11:17:39.1695] [INFO] Получение файла информации обновления
[2020-10-08 11:17:39.2802] [INFO] Получение файла информации обновления успешно
[2020-10-08 11:17:39.2931] [INFO] Скачивание файлов обновления 1 из 3
[2020-10-08 11:17:39.3320] [INFO] Скачивание файлов обновления 2 из 3
[2020-10-08 11:17:39.3430] [INFO] Скачивание файлов обновления 3 из 3
[2020-10-08 11:17:39.3560] [INFO] Начало удаление старых файлов основной программы
[2020-10-08 11:17:39.3640] [INFO] Удаление старых файлов основной программы успешно
[2020-10-08 11:17:39.3640] [INFO] Обновление файлов основной программы
[2020-10-08 11:17:39.4208] [INFO] Обновление файлов основной программы успешно
[2020-10-08 11:17:39.4278] [INFO] Начато удаление логов
[2020-10-08 11:17:39.4278] [INFO] Удалено 1 из 6
[2020-10-08 11:17:39.4278] [INFO] Удалено 2 из 6
[2020-10-08 11:17:39.4517] [INFO] Удалено 3 из 6
[2020-10-08 11:17:39.4597] [INFO] Удалено 4 из 6
[2020-10-08 11:17:39.4597] [INFO] Удалено 5 из 6
[2020-10-08 11:17:39.4787] [INFO] Удалено 6 из 6
[2020-10-08 11:17:39.4787] [INFO] Удаление логов завершено успешно
[2020-10-08 11:17:39.4926] [INFO] Начато удаление старого обновления
[2020-10-08 11:17:39.5086] [INFO] Удаление старого обновления завершено успешно
[2020-10-08 11:17:39.5086] [INFO] Начало проверки обновления лаунчера
[2020-10-08 11:17:39.5265] [INFO] Попытка подключения к серверу обновления
[2020-10-08 11:17:39.5265] [INFO] Подключение к серверу обновления успешно
[2020-10-08 11:17:39.5385] [INFO] Отправка параметров
[2020-10-08 11:17:39.5385] [INFO] Отправка параметров
[2020-10-08 11:17:39.5515] [INFO] Отправка параметров
[2020-10-08 11:17:39.5515] [INFO] Получение необходимости обновления
[2020-10-08 11:17:39.5515] [INFO] Попытка получения версии и имени основной программы
[2020-10-08 11:17:39.8297] [INFO] Версия и имя основный программы успешно получены
[2020-10-08 11:17:39.8357] [INFO] Начало проверки обновления основного приложения
[2020-10-08 11:17:39.8357] [INFO] Попытка подключения к серверу обновления
[2020-10-08 11:17:39.8517] [INFO] Подключение к серверу обновления успешно
[2020-10-08 11:17:39.8517] [INFO] Отправка параметров
[2020-10-08 11:17:39.8666] [INFO] Отправка параметров
[2020-10-08 11:17:39.8666] [INFO] Отправка параметров
[2020-10-08 11:17:39.8666] [INFO] Получение необходимости обновления
[2020-10-08 11:17:39.8856] [INFO] Поиск процессов лаунчера
[2020-10-08 11:17:39.8985] [INFO] Не найден дополнительный процесс основной программы
[2020-10-08 11:17:39.8985] [INFO] Начало получения обновления основной программы
[2020-10-08 11:17:39.9155] [INFO] Отправка параметров обновления
[2020-10-08 11:17:39.9155] [INFO] Отправка параметров прошла успешна
[2020-10-08 11:17:39.9294] [INFO] Получение файла информации обновления
[2020-10-08 11:17:40.1179] [INFO] Получение файла информации обновления успешно
[2020-10-08 11:17:40.1179] [INFO] Скачивание файлов обновления 1 из 5
[2020-10-08 11:17:40.4421] [INFO] Скачивание файлов обновления 2 из 5
[2020-10-08 11:17:40.4421] [INFO] Скачивание файлов обновления 3 из 5
[2020-10-08 11:17:40.4620] [INFO] Скачивание файлов обновления 4 из 5
[2020-10-08 11:17:40.4620] [INFO] Скачивание файлов обновления 5 из 5
[2020-10-08 11:17:40.4760] [INFO] Начало удаление старых файлов основной программы
[2020-10-08 11:17:40.4760] [INFO] Удаление старых файлов основной программы успешно
[2020-10-08 11:17:40.4760] [INFO] Обновление файлов основной программы
[2020-10-08 11:17:40.4989] [INFO] Обновление файлов основной программы успешно
[2020-10-08 11:17:40.4989] [INFO] Запуск основного приложения
[2020-10-08 11:17:40.8685] [INFO] Запуск выполнен успешно, закрытие лаунчера
[2020-10-08 15:03:08.7203] [INFO] Инициализация успешно пройдена
[2020-10-08 15:03:08.7692] [INFO] Запуск лаунчера
[2020-10-08 15:03:08.8131] [INFO] Попытка получения версии SZMK.LauncherUpdater
[2020-10-08 15:03:08.8270] [INFO] Версия SZMK.LauncherUpdater успешно получены
[2020-10-08 15:03:08.8360] [INFO] Начало проверки обновления основного приложения
[2020-10-08 15:03:08.8360] [INFO] Попытка подключения к серверу обновления
[2020-10-08 15:03:08.8619] [INFO] Подключение к серверу обновления успешно
[2020-10-08 15:03:08.8699] [INFO] Отправка параметров
[2020-10-08 15:03:08.8699] [INFO] Отправка параметров
[2020-10-08 15:03:08.8849] [INFO] Отправка параметров
[2020-10-08 15:03:08.8849] [INFO] Получение необходимости обновления
[2020-10-08 15:03:08.9008] [INFO] Начато удаление логов
[2020-10-08 15:03:08.9138] [INFO] Удалено 1 из 4
[2020-10-08 15:03:08.9138] [INFO] Удалено 2 из 4
[2020-10-08 15:03:08.9337] [INFO] Удалено 3 из 4
[2020-10-08 15:03:08.9427] [INFO] Удалено 4 из 4
[2020-10-08 15:03:08.9427] [INFO] Удаление логов завершено успешно
[2020-10-08 15:03:08.9577] [INFO] Начато удаление старого обновления
[2020-10-08 15:03:08.9746] [INFO] Удаление старого обновления завершено успешно
[2020-10-08 15:03:08.9746] [INFO] Начало проверки обновления лаунчера
[2020-10-08 15:03:08.9906] [INFO] Попытка подключения к серверу обновления
[2020-10-08 15:03:08.9906] [INFO] Подключение к серверу обновления успешно
[2020-10-08 15:03:08.9906] [INFO] Отправка параметров
[2020-10-08 15:03:09.0085] [INFO] Отправка параметров
[2020-10-08 15:03:09.0085] [INFO] Отправка параметров
[2020-10-08 15:03:09.0205] [INFO] Получение необходимости обновления
[2020-10-08 15:03:09.0205] [INFO] Поиск процессов лаунчера
[2020-10-08 15:03:09.0444] [INFO] Не найден дополнительный процесс лаунчера программы
[2020-10-08 15:03:09.0534] [INFO] Подготовка запуска обновления лаунчера
[2020-10-08 15:03:09.0534] [INFO] Запуск обновления
