[2020-10-04 23:01:41.8818] [INFO] Инициализация успешно пройдена
[2020-10-04 23:01:41.9117] [INFO] Запуск лаунчера
[2020-10-04 23:01:41.9556] [INFO] Попытка получения версии SZMK.LauncherUpdater
[2020-10-04 23:01:41.9845] [INFO] Версия SZMK.LauncherUpdater успешно получены
[2020-10-04 23:01:41.9895] [INFO] Начало проверки обновления основного приложения
[2020-10-04 23:01:41.9895] [INFO] Попытка подключения к серверу обновления
[2020-10-04 23:01:43.0266] [INFO] Начато удаление логов
[2020-10-04 23:01:43.0266] [INFO] Удалено 1 из 6
[2020-10-04 23:01:43.0386] [INFO] Удалено 2 из 6
[2020-10-04 23:01:43.0386] [INFO] Удалено 3 из 6
[2020-10-04 23:01:43.0386] [INFO] Удалено 4 из 6
[2020-10-04 23:01:43.0545] [INFO] Удалено 5 из 6
[2020-10-04 23:01:43.0545] [INFO] Удалено 6 из 6
[2020-10-04 23:01:43.0545] [INFO] Удаление логов завершено успешно
[2020-10-04 23:01:43.0715] [INFO] Начато удаление старого обновления
[2020-10-04 23:01:43.0715] [INFO] Удаление старого обновления завершено успешно
[2020-10-04 23:01:43.0715] [INFO] Начало проверки обновления лаунчера
[2020-10-04 23:01:43.0875] [INFO] Попытка подключения к серверу обновления
[2020-10-04 23:05:02.9719] [INFO] Инициализация успешно пройдена
[2020-10-04 23:05:03.0118] [INFO] Запуск лаунчера
[2020-10-04 23:05:03.0490] [INFO] Попытка получения версии SZMK.LauncherUpdater
[2020-10-04 23:05:03.0561] [INFO] Версия SZMK.LauncherUpdater успешно получены
[2020-10-04 23:05:03.0561] [INFO] Начало проверки обновления основного приложения
[2020-10-04 23:05:03.0705] [INFO] Попытка подключения к серверу обновления
[2020-10-04 23:05:04.1003] [INFO] Начато удаление логов
[2020-10-04 23:05:04.1003] [INFO] Удалено 1 из 5
[2020-10-04 23:05:04.1003] [INFO] Удалено 2 из 5
[2020-10-04 23:05:04.1003] [INFO] Удалено 3 из 5
[2020-10-04 23:05:04.1172] [INFO] Удалено 4 из 5
[2020-10-04 23:05:04.1172] [INFO] Удалено 5 из 5
[2020-10-04 23:05:04.1172] [INFO] Удаление логов завершено успешно
[2020-10-04 23:05:04.1332] [INFO] Начато удаление старого обновления
[2020-10-04 23:05:04.1332] [INFO] Удаление старого обновления завершено успешно
[2020-10-04 23:05:04.1332] [INFO] Начало проверки обновления лаунчера
[2020-10-04 23:05:04.1506] [INFO] Попытка подключения к серверу обновления
[2020-10-04 23:08:57.8263] [INFO] Инициализация успешно пройдена
[2020-10-04 23:08:57.8697] [INFO] Запуск лаунчера
[2020-10-04 23:08:57.9034] [INFO] Попытка получения версии SZMK.LauncherUpdater
[2020-10-04 23:08:57.9124] [INFO] Версия SZMK.LauncherUpdater успешно получены
[2020-10-04 23:08:57.9124] [INFO] Начало проверки обновления основного приложения
[2020-10-04 23:08:57.9273] [INFO] Попытка подключения к серверу обновления
[2020-10-04 23:16:53.6653] [INFO] Инициализация успешно пройдена
[2020-10-04 23:16:53.6982] [INFO] Запуск лаунчера
[2020-10-04 23:16:53.7286] [INFO] Попытка получения версии SZMK.LauncherUpdater
[2020-10-04 23:16:53.7286] [INFO] Версия SZMK.LauncherUpdater успешно получены
[2020-10-04 23:16:53.7456] [INFO] Начало проверки обновления основного приложения
[2020-10-04 23:16:53.7456] [INFO] Попытка подключения к серверу обновления
[2020-10-04 23:18:12.4941] [INFO] Инициализация успешно пройдена
[2020-10-04 23:18:12.5260] [INFO] Запуск лаунчера
[2020-10-04 23:18:12.5629] [INFO] Попытка получения версии SZMK.LauncherUpdater
[2020-10-04 23:18:12.5709] [INFO] Версия SZMK.LauncherUpdater успешно получены
[2020-10-04 23:18:12.5709] [INFO] Начало проверки обновления основного приложения
[2020-10-04 23:18:12.5898] [INFO] Попытка подключения к серверу обновления
