[2020-08-28 09:55:36.1695] [INFO] Инициализация успешно пройдена
[2020-08-28 10:44:37.7559] [INFO] Инициализация успешно пройдена
[2020-08-28 10:44:37.8054] [INFO] Не найден дополнительный процесс лаунчера программы
[2020-08-28 14:41:51.1062] [INFO] Инициализация успешно пройдена
[2020-08-28 14:41:51.1979] [ERROR] Выдано исключение типа "System.Exception".
[2020-08-28 14:41:52.3235] [ERROR] System.Exception: Выдано исключение типа "System.Exception". ---> System.Exception: Выдано исключение типа "System.Exception".
   в SZMK.Launcher.Services.BaseService.GetParametersConnect() в C:\Users\thedr\Desktop\SZMK-Software-Package\SZMK.Launcher\Services\BaseService.cs:строка 33
   --- Конец трассировки внутреннего стека исключений ---
   в SZMK.Launcher.Services.BaseService.GetParametersConnect() в C:\Users\thedr\Desktop\SZMK-Software-Package\SZMK.Launcher\Services\BaseService.cs:строка 46
   в SZMK.Launcher.Services.BaseService..ctor() в C:\Users\thedr\Desktop\SZMK-Software-Package\SZMK.Launcher\Services\BaseService.cs:строка 21
   в SZMK.Launcher.Services.Launcher.OperationsLauncher..ctor() в C:\Users\thedr\Desktop\SZMK-Software-Package\SZMK.Launcher\Services\Launcher\OperationsLauncher.cs:строка 18
   в SZMK.Launcher.Views.Main.Main_Load(Object sender, EventArgs e) в C:\Users\thedr\Desktop\SZMK-Software-Package\SZMK.Launcher\Views\Main.cs:строка 85
[2020-08-28 14:43:37.3592] [INFO] Инициализация успешно пройдена
[2020-08-28 14:43:37.4439] [ERROR] Выдано исключение типа "System.Exception".
[2020-08-28 14:43:38.2763] [ERROR] System.Exception: Выдано исключение типа "System.Exception". ---> System.Exception: Выдано исключение типа "System.Exception".
   в SZMK.Launcher.Services.BaseService.GetParametersConnect() в C:\Users\thedr\Desktop\SZMK-Software-Package\SZMK.Launcher\Services\BaseService.cs:строка 33
   --- Конец трассировки внутреннего стека исключений ---
   в SZMK.Launcher.Services.BaseService.GetParametersConnect() в C:\Users\thedr\Desktop\SZMK-Software-Package\SZMK.Launcher\Services\BaseService.cs:строка 46
   в SZMK.Launcher.Services.BaseService..ctor() в C:\Users\thedr\Desktop\SZMK-Software-Package\SZMK.Launcher\Services\BaseService.cs:строка 21
   в SZMK.Launcher.Services.Launcher.OperationsLauncher..ctor() в C:\Users\thedr\Desktop\SZMK-Software-Package\SZMK.Launcher\Services\Launcher\OperationsLauncher.cs:строка 18
   в SZMK.Launcher.Views.Main.Main_Load(Object sender, EventArgs e) в C:\Users\thedr\Desktop\SZMK-Software-Package\SZMK.Launcher\Views\Main.cs:строка 85
[2020-08-28 14:44:54.9425] [INFO] Инициализация успешно пройдена
[2020-08-28 14:44:55.0293] [ERROR] Выдано исключение типа "System.Exception".
[2020-08-28 14:44:56.2758] [ERROR] System.Exception: Выдано исключение типа "System.Exception". ---> System.Exception: Выдано исключение типа "System.Exception".
   в SZMK.Launcher.Services.BaseService.GetParametersConnect() в C:\Users\thedr\Desktop\SZMK-Software-Package\SZMK.Launcher\Services\BaseService.cs:строка 33
   --- Конец трассировки внутреннего стека исключений ---
   в SZMK.Launcher.Services.BaseService.GetParametersConnect() в C:\Users\thedr\Desktop\SZMK-Software-Package\SZMK.Launcher\Services\BaseService.cs:строка 46
   в SZMK.Launcher.Services.BaseService..ctor() в C:\Users\thedr\Desktop\SZMK-Software-Package\SZMK.Launcher\Services\BaseService.cs:строка 21
   в SZMK.Launcher.Services.Launcher.OperationsLauncher..ctor() в C:\Users\thedr\Desktop\SZMK-Software-Package\SZMK.Launcher\Services\Launcher\OperationsLauncher.cs:строка 18
   в SZMK.Launcher.Views.Main.Main_Load(Object sender, EventArgs e) в C:\Users\thedr\Desktop\SZMK-Software-Package\SZMK.Launcher\Views\Main.cs:строка 85
[2020-08-28 14:46:03.6763] [INFO] Инициализация успешно пройдена
[2020-08-28 14:46:18.6059] [INFO] Инициализация успешно пройдена
[2020-08-28 14:46:19.8326] [ERROR] Выдано исключение типа "System.Exception".
[2020-08-28 14:46:21.0177] [ERROR] System.Exception: Выдано исключение типа "System.Exception". ---> System.Exception: Выдано исключение типа "System.Exception".
   в SZMK.Launcher.Services.BaseService.GetParametersConnect() в C:\Users\thedr\Desktop\SZMK-Software-Package\SZMK.Launcher\Services\BaseService.cs:строка 33
   --- Конец трассировки внутреннего стека исключений ---
   в SZMK.Launcher.Services.BaseService.GetParametersConnect() в C:\Users\thedr\Desktop\SZMK-Software-Package\SZMK.Launcher\Services\BaseService.cs:строка 46
   в SZMK.Launcher.Services.BaseService..ctor() в C:\Users\thedr\Desktop\SZMK-Software-Package\SZMK.Launcher\Services\BaseService.cs:строка 21
   в SZMK.Launcher.Services.Launcher.OperationsLauncher..ctor() в C:\Users\thedr\Desktop\SZMK-Software-Package\SZMK.Launcher\Services\Launcher\OperationsLauncher.cs:строка 18
   в SZMK.Launcher.Views.Main.Main_Load(Object sender, EventArgs e) в C:\Users\thedr\Desktop\SZMK-Software-Package\SZMK.Launcher\Views\Main.cs:строка 85
[2020-08-28 14:46:23.5792] [INFO] Инициализация успешно пройдена
[2020-08-28 14:46:46.4237] [INFO] Инициализация успешно пройдена
[2020-08-28 15:41:51.7169] [INFO] Инициализация успешно пройдена
[2020-08-28 15:47:03.7194] [INFO] Инициализация успешно пройдена
[2020-08-28 15:47:07.7974] [INFO] Инициализация успешно пройдена
[2020-08-28 16:56:02.2188] [INFO] Инициализация успешно пройдена
[2020-08-28 17:04:51.8592] [INFO] Инициализация успешно пройдена
[2020-08-28 17:08:06.3447] [INFO] Инициализация успешно пройдена
[2020-08-28 17:08:16.7896] [INFO] Инициализация успешно пройдена
[2020-08-28 17:13:58.0372] [INFO] Инициализация успешно пройдена
[2020-08-28 17:22:48.1613] [INFO] Инициализация успешно пройдена
[2020-08-28 17:25:04.3001] [INFO] Инициализация успешно пройдена
[2020-08-28 17:25:29.2830] [INFO] Инициализация успешно пройдена
[2020-08-28 17:27:46.3909] [INFO] Инициализация успешно пройдена
[2020-08-28 17:35:20.6072] [INFO] Инициализация успешно пройдена
[2020-08-28 21:59:30.8639] [INFO] Инициализация успешно пройдена
[2020-08-28 22:10:58.6792] [INFO] Инициализация успешно пройдена
[2020-08-28 22:15:16.0081] [INFO] Инициализация успешно пройдена
