[2020-09-14 19:42:19.5119] [INFO] Инициализация успешно пройдена
[2020-09-14 19:42:19.5462] [INFO] Запуск лаунчера
[2020-09-14 19:42:19.5981] [INFO] Попытка получения версии SZMK.LauncherUpdater
[2020-09-14 19:42:19.6449] [INFO] Версия SZMK.LauncherUpdater успешно получены
[2020-09-14 19:42:19.6449] [INFO] Начало проверки обновления основного приложения
[2020-09-14 19:42:19.6449] [INFO] Попытка подключения к серверу обновления
[2020-09-14 19:42:20.6989] [INFO] Начато удаление логов
[2020-09-14 19:42:20.6989] [INFO] Удалено 1 из 4
[2020-09-14 19:42:20.7089] [INFO] Удалено 2 из 4
[2020-09-14 19:42:20.7089] [INFO] Удалено 3 из 4
[2020-09-14 19:42:20.7089] [INFO] Удалено 4 из 4
[2020-09-14 19:42:20.7089] [INFO] Удаление логов завершено успешно
[2020-09-14 19:42:20.7283] [INFO] Начато удаление старого обновления
[2020-09-14 19:42:20.7283] [INFO] Удаление старого обновления завершено успешно
[2020-09-14 19:42:20.7283] [INFO] Начало проверки обновления лаунчера
[2020-09-14 19:42:20.7432] [INFO] Попытка подключения к серверу обновления
[2020-09-14 19:42:22.8388] [INFO] Попытка получения версии и имени основной программы
[2020-09-14 19:42:22.9326] [INFO] Версия и имя основный программы успешно получены
[2020-09-14 19:42:22.9326] [INFO] Начало проверки обновления основного приложения
[2020-09-14 19:42:22.9465] [INFO] Попытка подключения к серверу обновления
[2020-09-14 19:42:23.9718] [INFO] Запуск основного приложения
[2020-09-14 19:42:24.0996] [INFO] Запуск выполнен успешно, закрытие лаунчера
